4 programming with Android/WhatsApp_exercise/app/build/intermediates/manifest_merge_blame_file/debug/manifest-merger-blame-debug-report.txt
1<?xml version="1.0" encoding="utf-8"?>
2<manifest xmlns:android="http://schemas.android.com/apk/res/android"
3    package="edu.upc.whatsapp"
4    android:versionCode="1"
5    android:versionName="1.0" >
6
7    <uses-sdk
7-->src/main/AndroidManifest.xml:7:6-9:40
8        android:maxSdkVersion="17"
8-->src/main/AndroidManifest.xml:9:11-37
9        android:minSdkVersion="17"
9-->src/main/AndroidManifest.xml:7:16-42
10        android:targetSdkVersion="17" />
10-->src/main/AndroidManifest.xml:8:11-40
11
12    <uses-permission android:name="android.permission.INTERNET" />
12-->src/main/AndroidManifest.xml:11:5-67
12-->src/main/AndroidManifest.xml:11:22-64
13    <uses-permission android:name="android.permission.WRITE_EXTERNAL_STORAGE" />
13-->src/main/AndroidManifest.xml:12:5-80
13-->src/main/AndroidManifest.xml:12:22-78
14    <uses-permission android:name="android.permission.ACCESS_NETWORK_STATE" />
14-->src/main/AndroidManifest.xml:14:5-78
14-->src/main/AndroidManifest.xml:14:22-76
15
16    <application
16-->src/main/AndroidManifest.xml:16:5-54:19
17        android:name="edu.upc.whatsapp._GlobalState"
17-->src/main/AndroidManifest.xml:16:18-46
18        android:debuggable="true"
19        android:hardwareAccelerated="true"
19-->src/main/AndroidManifest.xml:18:18-52
20        android:label="@string/app_name"
20-->src/main/AndroidManifest.xml:17:18-50
21        android:testOnly="true"
22        android:theme="@android:style/Theme.Light" >
22-->src/main/AndroidManifest.xml:19:18-60
23        <activity
23-->src/main/AndroidManifest.xml:21:9-27:20
24            android:name="edu.upc.whatsapp.a_WelcomeActivity"
24-->src/main/AndroidManifest.xml:21:19-52
25            android:label="@string/app_name" >
25-->src/main/AndroidManifest.xml:22:19-51
26            <intent-filter>
26-->src/main/AndroidManifest.xml:23:13-26:29
27                <action android:name="android.intent.action.MAIN" />
27-->src/main/AndroidManifest.xml:24:17-69
27-->src/main/AndroidManifest.xml:24:25-66
28
29                <category android:name="android.intent.category.LAUNCHER" />
29-->src/main/AndroidManifest.xml:25:17-77
29-->src/main/AndroidManifest.xml:25:27-74
30            </intent-filter>
31        </activity>
32        <activity
32-->src/main/AndroidManifest.xml:29:9-33:20
33            android:name="edu.upc.whatsapp.b_LoginActivity"
33-->src/main/AndroidManifest.xml:29:19-49
34            android:label="Login Form"
34-->src/main/AndroidManifest.xml:32:19-45
35            android:screenOrientation="portrait"
35-->src/main/AndroidManifest.xml:30:19-55
36            android:theme="@android:style/Theme.Dialog" >
36-->src/main/AndroidManifest.xml:31:19-62
37        </activity>
38        <activity
38-->src/main/AndroidManifest.xml:34:9-38:20
39            android:name="edu.upc.whatsapp.c_RegistrationActivity"
39-->src/main/AndroidManifest.xml:34:19-56
40            android:label="Sign up Form"
40-->src/main/AndroidManifest.xml:36:19-47
41            android:screenOrientation="portrait"
41-->src/main/AndroidManifest.xml:35:19-55
42            android:windowSoftInputMode="stateHidden" >
42-->src/main/AndroidManifest.xml:37:19-60
43        </activity>
44        <activity
44-->src/main/AndroidManifest.xml:39:9-41:20
45            android:name="edu.upc.whatsapp.d_UsersListActivity"
45-->src/main/AndroidManifest.xml:39:19-53
46            android:label="Users List" >
46-->src/main/AndroidManifest.xml:40:19-45
47        </activity>
48        <activity
48-->src/main/AndroidManifest.xml:42:9-45:20
49            android:name="edu.upc.whatsapp.e_MessagesActivity"
49-->src/main/AndroidManifest.xml:42:19-53
50            android:label="Messages"
50-->src/main/AndroidManifest.xml:43:19-43
51            android:windowSoftInputMode="stateHidden" >
51-->src/main/AndroidManifest.xml:44:19-60
52        </activity>
53        <activity
53-->src/main/AndroidManifest.xml:47:9-50:20
54            android:name="edu.upc.whatsapp.e_MessagesActivity_websocket"
54-->src/main/AndroidManifest.xml:47:19-63
55            android:label="MessagesWebsockets"
55-->src/main/AndroidManifest.xml:48:13-47
56            android:windowSoftInputMode="stateHidden" >
56-->src/main/AndroidManifest.xml:49:13-54
57        </activity>
58
59        <service android:name="edu.upc.whatsapp.service.PushService" />
59-->src/main/AndroidManifest.xml:52:9-56
59-->src/main/AndroidManifest.xml:52:18-53
60    </application>
61
62</manifest>